mode: set
thumbnailer/internal/thumbnail/entity.go:16.61,24.2 2 0
thumbnailer/internal/thumbnail/entity.go:26.33,28.2 1 0
thumbnailer/internal/thumbnail/entity.go:31.39,33.2 1 0
thumbnailer/internal/thumbnail/handler.go:19.49,24.2 1 0
thumbnailer/internal/thumbnail/handler.go:31.39,34.2 2 0
thumbnailer/internal/thumbnail/handler.go:36.41,41.48 2 0
thumbnailer/internal/thumbnail/handler.go:41.48,44.3 2 0
thumbnailer/internal/thumbnail/handler.go:46.2,47.16 2 0
thumbnailer/internal/thumbnail/handler.go:47.16,50.3 2 0
thumbnailer/internal/thumbnail/handler.go:52.2,53.16 2 0
thumbnailer/internal/thumbnail/handler.go:53.16,56.3 2 0
thumbnailer/internal/thumbnail/handler.go:58.2,58.33 1 0
thumbnailer/internal/thumbnail/handler.go:61.39,68.45 2 0
thumbnailer/internal/thumbnail/handler.go:68.45,71.3 2 0
thumbnailer/internal/thumbnail/handler.go:74.2,75.16 2 0
thumbnailer/internal/thumbnail/handler.go:75.16,78.3 2 0
thumbnailer/internal/thumbnail/handler.go:81.2,81.81 1 0
thumbnailer/internal/thumbnail/handler.go:81.81,83.17 2 0
thumbnailer/internal/thumbnail/handler.go:83.17,85.4 1 0
thumbnailer/internal/thumbnail/handler.go:86.3,89.17 3 0
thumbnailer/internal/thumbnail/handler.go:89.17,91.4 1 0
thumbnailer/internal/thumbnail/handler.go:93.3,93.26 1 0
thumbnailer/internal/thumbnail/handler.go:96.2,96.16 1 0
thumbnailer/internal/thumbnail/handler.go:96.16,99.3 2 0
thumbnailer/internal/thumbnail/handler.go:102.2,102.41 1 0
thumbnailer/internal/thumbnail/handler.go:102.41,105.3 2 0
thumbnailer/internal/thumbnail/handler.go:107.2,107.16 1 0
thumbnailer/internal/thumbnail/handler.go:107.16,110.3 2 0
thumbnailer/internal/thumbnail/handler.go:113.2,114.16 2 0
thumbnailer/internal/thumbnail/handler.go:114.16,117.3 2 0
thumbnailer/internal/thumbnail/handler.go:120.2,120.33 1 0
thumbnailer/internal/thumbnail/interactor.go:10.67,12.2 1 0
thumbnailer/internal/thumbnail/interactor.go:19.112,21.16 2 0
thumbnailer/internal/thumbnail/interactor.go:21.16,23.3 1 0
thumbnailer/internal/thumbnail/interactor.go:25.2,26.47 2 0
thumbnailer/internal/thumbnail/interactor.go:26.47,28.3 1 0
thumbnailer/internal/thumbnail/interactor.go:30.2,30.20 1 0
thumbnailer/internal/thumbnail/interactor.go:33.85,35.16 2 0
thumbnailer/internal/thumbnail/interactor.go:35.16,37.3 1 0
thumbnailer/internal/thumbnail/interactor.go:39.2,39.20 1 0
thumbnailer/internal/thumbnail/presenter.go:18.31,20.2 1 0
thumbnailer/internal/thumbnail/presenter.go:25.57,27.2 1 0
thumbnailer/internal/thumbnail/presenter.go:29.57,30.32 1 0
thumbnailer/internal/thumbnail/presenter.go:30.32,33.3 2 0
thumbnailer/internal/thumbnail/presenter.go:35.2,43.3 3 0
thumbnailer/internal/thumbnail/presenter.go:46.58,53.2 1 0
thumbnailer/internal/thumbnail/presenter.go:55.67,62.2 1 0
thumbnailer/internal/thumbnail/repository.go:13.50,15.2 1 1
thumbnailer/internal/thumbnail/repository.go:22.45,24.2 1 1
thumbnailer/internal/thumbnail/repository.go:26.73,29.16 3 1
thumbnailer/internal/thumbnail/repository.go:29.16,31.3 1 0
thumbnailer/internal/thumbnail/repository.go:32.2,35.16 3 1
thumbnailer/internal/thumbnail/repository.go:35.16,37.3 1 0
thumbnailer/internal/thumbnail/repository.go:39.2,39.13 1 1
thumbnailer/internal/thumbnail/repository.go:39.13,41.3 1 0
thumbnailer/internal/thumbnail/repository.go:43.2,43.12 1 1
thumbnailer/internal/thumbnail/repository.go:46.84,49.16 3 1
thumbnailer/internal/thumbnail/repository.go:49.16,50.23 1 1
thumbnailer/internal/thumbnail/repository.go:50.23,53.4 1 1
thumbnailer/internal/thumbnail/repository.go:54.3,54.18 1 0
thumbnailer/internal/thumbnail/repository.go:57.2,59.16 3 1
thumbnailer/internal/thumbnail/repository.go:59.16,61.3 1 0
thumbnailer/internal/thumbnail/repository.go:63.2,63.21 1 1
